<?xml version="1.0" encoding="UTF-8"?>
<!-- Generated by org.testng.reporters.JUnitReportReporter -->
<testsuite hostname="DESKTOP-7N3QAA8" failures="0" tests="1" name="Pack1_Maven.LoginTest" time="7.938" errors="0" timestamp="2021-08-02T21:20:30 EDT" skipped="0">
  <testcase classname="Pack1_Maven.LoginTest" name="synchTest" time="7.938"/>
  <system-out/>
</testsuite> <!-- Pack1_Maven.LoginTest -->
